[debug] [2021-01-23T06:14:40.562Z] ----------------------------------------------------------------------
[debug] [2021-01-23T06:14:40.564Z] Command:       /usr/local/bin/node /usr/local/bin/firebase deploy
[debug] [2021-01-23T06:14:40.564Z] CLI Version:   9.2.1
[debug] [2021-01-23T06:14:40.564Z] Platform:      darwin
[debug] [2021-01-23T06:14:40.564Z] Node Version:  v14.13.0
[debug] [2021-01-23T06:14:40.565Z] Time:          Sat Jan 23 2021 09:14:40 GMT+0300 (Arabian Standard Time)
[debug] [2021-01-23T06:14:40.565Z] ----------------------------------------------------------------------
[debug] [2021-01-23T06:14:40.565Z] 
[debug] [2021-01-23T06:14:40.573Z] > command requires scopes: ["email","openid","https://www.googleapis.com/auth/cloudplatformprojects.readonly","https://www.googleapis.com/auth/firebase","https://www.googleapis.com/auth/cloud-platform"]
[debug] [2021-01-23T06:14:40.573Z] > authorizing via signed-in user
[debug] [2021-01-23T06:14:40.574Z] [iam] checking project darbazali for permissions ["firebase.projects.get","firebasehosting.sites.update"]
[debug] [2021-01-23T06:14:40.576Z] > refreshing access token with scopes: ["email","https://www.googleapis.com/auth/cloud-platform","https://www.googleapis.com/auth/cloudplatformprojects.readonly","https://www.googleapis.com/auth/firebase","openid"]
[debug] [2021-01-23T06:14:40.576Z] >>> HTTP REQUEST POST https://www.googleapis.com/oauth2/v3/token  
 <request body omitted>
[debug] [2021-01-23T06:14:54.778Z] <<< HTTP RESPONSE 200 {"cache-control":"no-cache, no-store, max-age=0, must-revalidate","pragma":"no-cache","date":"Sat, 23 Jan 2021 06:14:49 GMT","expires":"Mon, 01 Jan 1990 00:00:00 GMT","content-type":"application/json; charset=utf-8","vary":"X-Origin, Referer, Origin,Accept-Encoding","server":"scaffolding on HTTPServer2","x-xss-protection":"0","x-frame-options":"SAMEORIGIN","x-content-type-options":"nosniff","alt-svc":"h3-29=\":443\"; ma=2592000,h3-T051=\":443\"; ma=2592000,h3-Q050=\":443\"; ma=2592000,h3-Q046=\":443\"; ma=2592000,h3-Q043=\":443\"; ma=2592000,quic=\":443\"; ma=2592000; v=\"46,43\"","accept-ranges":"none","transfer-encoding":"chunked"}
[debug] [2021-01-23T06:14:54.810Z] >>> HTTP REQUEST POST https://cloudresourcemanager.googleapis.com/v1/projects/darbazali:testIamPermissions  
 {"permissions":["firebase.projects.get","firebasehosting.sites.update"]}
[debug] [2021-01-23T06:16:33.073Z] ----------------------------------------------------------------------
[debug] [2021-01-23T06:16:33.075Z] Command:       /usr/local/bin/node /usr/local/bin/firebase deploy
[debug] [2021-01-23T06:16:33.075Z] CLI Version:   9.2.1
[debug] [2021-01-23T06:16:33.075Z] Platform:      darwin
[debug] [2021-01-23T06:16:33.075Z] Node Version:  v14.13.0
[debug] [2021-01-23T06:16:33.076Z] Time:          Sat Jan 23 2021 09:16:33 GMT+0300 (Arabian Standard Time)
[debug] [2021-01-23T06:16:33.076Z] ----------------------------------------------------------------------
[debug] [2021-01-23T06:16:33.076Z] 
[debug] [2021-01-23T06:16:33.083Z] > command requires scopes: ["email","openid","https://www.googleapis.com/auth/cloudplatformprojects.readonly","https://www.googleapis.com/auth/firebase","https://www.googleapis.com/auth/cloud-platform"]
[debug] [2021-01-23T06:16:33.083Z] > authorizing via signed-in user
[debug] [2021-01-23T06:16:33.084Z] [iam] checking project darbazali for permissions ["firebase.projects.get","firebasehosting.sites.update"]
[debug] [2021-01-23T06:16:33.086Z] >>> HTTP REQUEST POST https://cloudresourcemanager.googleapis.com/v1/projects/darbazali:testIamPermissions  
 {"permissions":["firebase.projects.get","firebasehosting.sites.update"]}
